Number of people? 100
Index for elimination? 5
Index for printing? 10

Initial group of people
-----------------------
A1 A2 A3 A4 A5 A6 A7 A8 A9 B1 B2 B3 
B4 B5 B6 B7 B8 B9 C1 C2 C3 C4 C5 C6 
C7 C8 C9 D1 D2 D3 D4 D5 D6 D7 D8 D9 
E1 E2 E3 E4 E5 E6 E7 E8 E9 F1 F2 F3 
F4 F5 F6 F7 F8 F9 G1 G2 G3 G4 G5 G6 
G7 G8 G9 H1 H2 H3 H4 H5 H6 H7 H8 H9 
I1 I2 I3 I4 I5 I6 I7 I8 I9 J1 J2 J3 
J4 J5 J6 J7 J8 J9 K1 K2 K3 K4 K5 K6 
K7 K8 K9 L1 

After eliminating 10th person
-----------------------------
A1 A2 A3 A4 A6 A7 A8 A9 B2 B3 B4 B5 
B7 B8 B9 C1 C3 C4 C5 C6 C8 C9 D1 D2 
D4 D5 D6 D7 D9 E1 E2 E3 E5 E6 E7 E8 
F1 F2 F3 F4 F6 F7 F8 F9 G1 G2 G3 G4 
G5 G6 G7 G8 G9 H1 H2 H3 H4 H5 H6 H7 
H8 H9 I1 I2 I3 I4 I5 I6 I7 I8 I9 J1 
J2 J3 J4 J5 J6 J7 J8 J9 K1 K2 K3 K4 
K5 K6 K7 K8 K9 L1 

After eliminating 20th person
-----------------------------
A1 A2 A3 A4 A6 A7 A8 A9 B2 B3 B4 B5 
B7 B8 B9 C1 C3 C4 C5 C6 C8 C9 D1 D2 
D4 D5 D6 D7 D9 E1 E2 E3 E5 E6 E7 E8 
F1 F2 F3 F4 F6 F7 F8 F9 G2 G3 G4 G5 
G7 G8 G9 H1 H3 H4 H5 H6 H8 H9 I1 I2 
I4 I5 I6 I7 I9 J1 J2 J3 J5 J6 J7 J8 
K1 K2 K3 K4 K6 K7 K8 K9 

After eliminating 30th person
-----------------------------
A1 A2 A3 A4 A7 A8 A9 B2 B4 B5 B7 B8 
C1 C3 C4 C5 C8 C9 D1 D2 D5 D6 D7 D9 
E2 E3 E5 E6 E8 F1 F2 F3 F6 F7 F8 F9 
G3 G4 G5 G7 G9 H1 H3 H4 H5 H6 H8 H9 
I1 I2 I4 I5 I6 I7 I9 J1 J2 J3 J5 J6 
J7 J8 K1 K2 K3 K4 K6 K7 K8 K9 

After eliminating 40th person
-----------------------------
A1 A2 A3 A4 A8 A9 B2 B4 B7 B8 C1 C3 
C5 C8 C9 D1 D5 D6 D7 D9 E2 E3 E5 E6 
E8 F1 F2 F3 F6 F7 F8 F9 G3 G4 G5 G7 
G9 H1 H3 H4 H6 H8 H9 I1 I4 I5 I6 I7 
J1 J2 J3 J5 J7 J8 K1 K2 K4 K6 K7 K8 


After eliminating 50th person
-----------------------------
A2 A3 A4 A8 B2 B4 B7 B8 C1 C3 C5 C8 
C9 D1 D5 D6 D7 D9 E3 E5 E6 E8 F2 F3 
F6 F7 F9 G3 G4 G5 G9 H1 H3 H4 H8 H9 
I1 I4 I6 I7 J1 J2 J5 J7 J8 K1 K4 K6 
K7 K8 

After eliminating 60th person
-----------------------------
A2 A3 A4 B2 B4 B7 B8 C3 C5 C8 C9 D5 
D6 D7 D9 E5 E6 E8 F2 F6 F7 F9 G3 G5 
G9 H1 H3 H8 H9 I1 I4 I7 J1 J2 J5 J8 
K1 K4 K6 K8 

After eliminating 70th person
-----------------------------
A2 A3 B2 B4 B7 B8 C8 C9 D5 D7 E5 E6 
F2 F6 F7 F9 G5 G9 H1 H3 H9 I1 I4 I7 
J2 J5 J8 K1 K6 K8 

After eliminating 80th person
-----------------------------
A2 A3 B2 B8 C8 C9 D5 E5 E6 F2 F6 G5 
G9 H1 H9 I4 I7 J5 J8 K6 

After eliminating 90th person
-----------------------------
A3 C8 C9 F2 F6 G5 H1 I7 J8 K6 

After eliminating 99th person
-----------------------------
F2 
